[?1034h 50000
     3
    32
    32
[torch.LongStorage of size 4]

 10000
     3
    32
    32
[torch.LongStorage of size 4]

 50000
     1
    32
    32
[torch.LongStorage of size 4]

Channel 1, Mean: 125.30691804687	
Channel 1, Standard Deviation: 62.993219892912	
Channel 2, Mean: 122.95039414062	
Channel 2, Standard Deviation: 62.088708246722	
Channel 3, Mean: 113.86538318359	
Channel 3, Standard Deviation: 66.704900292063	
Number of parameters:	49706	
nn.Sequential {
  [input -> (1) -> (2) -> (3) -> (4) -> (5) -> (6) -> (7) -> (8) -> (9) -> (10) -> (11) -> (12) -> (13) -> (14) -> (15) -> (16) -> (17) -> (18) -> (19) -> (20) -> (21) -> (22) -> (23) -> (24) -> (25) -> (26) -> (27) -> (28) -> (29) -> (30) -> (31) -> (32) -> output]
  (1): nn.BatchFlip
  (2): cudnn.SpatialConvolution(3 -> 32, 5x5, 1,1, 2,2)
  (3): cudnn.SpatialBatchNormalization
  (4): nn.ReLU
  (5): cudnn.SpatialConvolution(32 -> 32, 1x1)
  (6): cudnn.SpatialBatchNormalization
  (7): nn.ReLU
  (8): cudnn.SpatialConvolution(32 -> 32, 1x1)
  (9): cudnn.SpatialBatchNormalization
  (10): nn.ReLU
  (11): cudnn.SpatialConvolution(32 -> 32, 1x1)
  (12): cudnn.SpatialBatchNormalization
  (13): nn.ReLU
  (14): cudnn.SpatialMaxPooling(2x2, 2,2)
  (15): cudnn.SpatialConvolution(32 -> 64, 3x3, 1,1, 1,1)
  (16): cudnn.SpatialBatchNormalization
  (17): nn.ReLU
  (18): cudnn.SpatialConvolution(64 -> 64, 1x1)
  (19): cudnn.SpatialBatchNormalization
  (20): nn.ReLU
  (21): cudnn.SpatialMaxPooling(2x2, 2,2)
  (22): nn.Dropout(0.450000)
  (23): cudnn.SpatialConvolution(64 -> 32, 3x3, 1,1, 1,1)
  (24): cudnn.SpatialBatchNormalization
  (25): nn.ReLU
  (26): cudnn.SpatialConvolution(32 -> 32, 1x1)
  (27): cudnn.SpatialBatchNormalization
  (28): nn.ReLU
  (29): cudnn.SpatialAveragePooling(5x5, 2,2)
  (30): nn.View(128)
  (31): nn.Linear(128 -> 10)
  (32): nn.LogSoftMax
}
Epoch 5:	
Training error: 0.3148007362356	Training Loss: 0.89061795848585	
Test error: 0.27814503205128	Test Loss: 0.79895602658582	
ConfusionMatrix:
[[     811      16      45      10      19       3       5      12      66      11]   81.263% 	[class: airplane]
 [      32     900       1       3       2       5       8       4      11      33]   90.090% 	[class: automobile]
 [     100       6     560      48      94      57      66      58       7       3]   56.056% 	[class: bird]
 [      36       9      70     507      63     158      62      72       9      11]   50.853% 	[class: cat]
 [      33       2      63      50     656      17      42     130       6       1]   65.600% 	[class: deer]
 [      17       3      51     155      49     602      18      97       2       3]   60.381% 	[class: dog]
 [      13       6      63      60      42      26     778      10       2       0]   77.800% 	[class: frog]
 [      28       3      22      20      39      48       5     824       1       7]   82.648% 	[class: horse]
 [      82      27       7      14      14       2       4       6     817      24]   81.946% 	[class: ship]
 [      46     135       1       9       6       3       7      19      22     752]]  75.200% 	[class: truck]
 + average row correct: 72.183614969254% 
 + average rowUcol correct (VOC measure): 57.192921638489% 
 + global correct: 72.185496794872%	
Epoch 10:	
Training error: 0.25014004481434	Training Loss: 0.71542284300935	
Test error: 0.23137019230769	Test Loss: 0.67208191624675	
ConfusionMatrix:
[[     769      13      29      13      20       4       7      11      71      61]   77.054% 	[class: airplane]
 [      10     854       0       1       3       4       8       1       8     110]   85.485% 	[class: automobile]
 [      65       4     537      54     107      91      87      24      15      15]   53.754% 	[class: bird]
 [      16       4      26     574      62     181      59      24      19      32]   57.573% 	[class: cat]
 [      16       2      19      38     798      30      35      48       8       6]   79.800% 	[class: deer]
 [       8       1      16     130      54     723      14      36       3      12]   72.518% 	[class: dog]
 [       4       2      28      48      27      30     848       2       9       2]   84.800% 	[class: frog]
 [      13       2      10      32      66      70       6     767       2      29]   76.931% 	[class: horse]
 [      36      22       2       6       3       2       5       1     873      47]   87.563% 	[class: ship]
 [      14      25       2       4       3       1       2       3      15     931]]  93.100% 	[class: truck]
 + average row correct: 76.857708692551% 
 + average rowUcol correct (VOC measure): 62.933086156845% 
 + global correct: 76.862980769231%	
Epoch 15:	
Training error: 0.22441181177977	Training Loss: 0.63827828233692	
Test error: 0.2216546474359	Test Loss: 0.63453102520166	
ConfusionMatrix:
[[     752       5      33      30      15       6       8      22      96      31]   75.351% 	[class: airplane]
 [      17     836       2       6       1       3       7       3      34      90]   83.684% 	[class: automobile]
 [      54       2     567     100      85      78      66      33      10       4]   56.757% 	[class: bird]
 [      13       1      24     716      40     109      49      27       9       9]   71.815% 	[class: cat]
 [       7       1      23      81     779      24      20      52      11       2]   77.900% 	[class: deer]
 [       3       0      18     209      34     683      16      28       2       4]   68.506% 	[class: dog]
 [       4       0      33      69      37      13     834       3       7       0]   83.400% 	[class: frog]
 [       9       0       9      70      42      54       4     795       1      13]   79.739% 	[class: horse]
 [      28       9       0      12       3       1      10       2     915      17]   91.775% 	[class: ship]
 [      17      22       4      14       3       3       5       9      29     894]]  89.400% 	[class: truck]
 + average row correct: 77.832664847374% 
 + average rowUcol correct (VOC measure): 64.621150493622% 
 + global correct: 77.83453525641%	
Epoch 20:	
Training error: 0.20596590909091	Training Loss: 0.59150724829665	
Test error: 0.20612980769231	Test Loss: 0.6007806937664	
ConfusionMatrix:
[[     852       5      30      15      11       2      12      10      36      25]   85.371% 	[class: airplane]
 [      31     860       2       3       1       2       8       2      13      77]   86.086% 	[class: automobile]
 [      67       1     663      54      49      35     104      16       5       5]   66.366% 	[class: bird]
 [      16       1      60     658      33      92      97      22       7      11]   65.998% 	[class: cat]
 [      14       1      48      46     747      17      81      41       5       0]   74.700% 	[class: deer]
 [       9       0      52     182      27     647      39      31       6       4]   64.895% 	[class: dog]
 [       5       0      22      37       9       5     916       2       4       0]   91.600% 	[class: frog]
 [      19       1      25      50      36      39      20     797       1       9]   79.940% 	[class: horse]
 [      62      14       7       8       4       1       8       1     872      20]   87.462% 	[class: ship]
 [      17      25       2       9       3       0       7       7      16     914]]  91.400% 	[class: truck]
 + average row correct: 79.381808042526% 
 + average rowUcol correct (VOC measure): 66.5719217062% 
 + global correct: 79.387019230769%	
Epoch 25:	
Training error: 0.1949823943662	Training Loss: 0.55741750223326	
Test error: 0.19971955128205	Test Loss: 0.58339103507117	
ConfusionMatrix:
[[     782       7      19      22      16       7      12      14      71      48]   78.357% 	[class: airplane]
 [      10     893       0       2       2       2       3       2      20      65]   89.389% 	[class: automobile]
 [      73       4     571      65      80      85      75      27      12       7]   57.157% 	[class: bird]
 [       8       4      25     618      51     187      46      34      12      12]   61.986% 	[class: cat]
 [       8       3      22      39     840      25      20      33       9       1]   84.000% 	[class: deer]
 [       4       1      22     107      43     768      10      36       1       5]   77.031% 	[class: dog]
 [       8       0      17      45      36      24     857       4       6       3]   85.700% 	[class: frog]
 [       9       1       4      35      47      50      10     827       3      11]   82.949% 	[class: horse]
 [      31      11       1       8       5       2       6       3     912      18]   91.474% 	[class: ship]
 [      10      32       3       4       2       1       4       3      19     922]]  92.200% 	[class: truck]
 + average row correct: 80.024358034134% 
 + average rowUcol correct (VOC measure): 67.285243272781% 
 + global correct: 80.028044871795%	
Epoch 30:	
Training error: 0.18611955825864	Training Loss: 0.53248946776401	
Test error: 0.20152243589744	Test Loss: 0.58867087709503	
ConfusionMatrix:
[[     894       6      22      11       6       4       5      12      33       5]   89.579% 	[class: airplane]
 [      25     929       0       1       1       2       2       1      11      27]   92.993% 	[class: automobile]
 [      98       3     563      44      75      81      79      41       8       7]   56.356% 	[class: bird]
 [      34       3      19     564      44     215      51      46      15       6]   56.570% 	[class: cat]
 [      22       3      17      25     784      38      22      81       7       1]   78.400% 	[class: deer]
 [       8       2      14      91      28     789       9      51       1       4]   79.137% 	[class: dog]
 [       8       0      23      40      30      28     857       8       5       1]   85.700% 	[class: frog]
 [      23       1       4      12      25      42       6     874       2       8]   87.663% 	[class: horse]
 [      78      23       1       0       5       2       5       3     870      10]   87.262% 	[class: ship]
 [      45      67       2       8       1       4       1       5      19     848]]  84.800% 	[class: truck]
 + average row correct: 79.846040010452% 
 + average rowUcol correct (VOC measure): 66.946781277657% 
 + global correct: 79.847756410256%	
Epoch 35:	
Training error: 0.17981754161332	Training Loss: 0.51217202051267	
Test error: 0.19310897435897	Test Loss: 0.56618166915499	
ConfusionMatrix:
[[     819       5      25       5      14       5       2      11      88      24]   82.064% 	[class: airplane]
 [      15     877       1       1       2       1       3       1      36      62]   87.788% 	[class: automobile]
 [      73       2     587      55      83      74      64      36      21       4]   58.759% 	[class: bird]
 [      16       3      22     654      47     141      41      36      27      10]   65.597% 	[class: cat]
 [       8       1      20      36     825      22      23      54      11       0]   82.500% 	[class: deer]
 [       8       2      18     123      31     741      14      48       7       5]   74.323% 	[class: dog]
 [       8       1      26      46      19      21     862       6       9       2]   86.200% 	[class: frog]
 [      10       0       5      34      32      39       4     858       7       8]   86.058% 	[class: horse]
 [      30       5       0       6       2       1       3       3     939       8]   94.183% 	[class: ship]
 [      21      32       2       6       4       0       2       4      35     894]]  89.400% 	[class: truck]
 + average row correct: 80.687115192413% 
 + average rowUcol correct (VOC measure): 68.056243956089% 
 + global correct: 80.689102564103%	
Epoch 40:	
Training error: 0.17441581306018	Training Loss: 0.49797886834693	
Test error: 0.19320913461538	Test Loss: 0.56663964588482	
ConfusionMatrix:
[[     885       4      15       5      11       5       6      14      32      21]   88.677% 	[class: airplane]
 [      22     885       0       2       1       1       5       1      16      66]   88.589% 	[class: automobile]
 [      94       2     565      45      68      80      80      52       7       6]   56.557% 	[class: bird]
 [      26       5      16     565      47     207      54      53      12      12]   56.670% 	[class: cat]
 [      14       3      22      15     809      30      33      68       5       1]   80.900% 	[class: deer]
 [      10       1      16      78      34     778      13      58       1       8]   78.034% 	[class: dog]
 [      10       1      16      33      19      25     882       7       3       4]   88.200% 	[class: frog]
 [      11       0       2      13      25      35       6     893       0      12]   89.569% 	[class: horse]
 [      75      11       0       5       1       1       4       3     873      24]   87.563% 	[class: ship]
 [      29      24       3       4       1       0       2       4      13     920]]  92.000% 	[class: truck]
 + average row correct: 80.675801038742% 
 + average rowUcol correct (VOC measure): 67.985737323761% 
 + global correct: 80.679086538462%	
Epoch 45:	
Training error: 0.16699343790013	Training Loss: 0.47745820474733	
Test error: 0.18960336538462	Test Loss: 0.55021823776695	
ConfusionMatrix:
[[     786       5      33      19      25       2       8      26      72      22]   78.758% 	[class: airplane]
 [      15     878       0       4       1       1       6       5      20      69]   87.888% 	[class: automobile]
 [      57       3     647      41      91      45      63      37      12       3]   64.765% 	[class: bird]
 [       9       2      40     653      54     115      52      55      12       5]   65.496% 	[class: cat]
 [       2       0      26      21     830      11      26      74       9       1]   83.000% 	[class: deer]
 [       2       0      25     134      39     719      14      60       1       3]   72.116% 	[class: dog]
 [       4       1      23      36      33      13     881       3       2       4]   88.100% 	[class: frog]
 [       7       0      12      20      36      23       5     889       1       4]   89.167% 	[class: horse]
 [      38      10       4       4      12       1       6       2     908      12]   91.073% 	[class: ship]
 [      23      25       5       8       2       1       3      12      21     900]]  90.000% 	[class: truck]
 + average row correct: 81.036372184753% 
 + average rowUcol correct (VOC measure): 68.57536315918% 
 + global correct: 81.039663461538%	
Epoch 50:	
Training error: 0.16501280409731	Training Loss: 0.46769321743022	
Test error: 0.18970352564103	Test Loss: 0.55309407636284	
ConfusionMatrix:
[[     854       5      24      13      10       7      10       6      40      29]   85.571% 	[class: airplane]
 [      14     887       0       3       1       1       9       1      16      67]   88.789% 	[class: automobile]
 [      65       3     644      43      57      76      78      23       6       4]   64.464% 	[class: bird]
 [      16       1      27     630      29     192      66      20       8       8]   63.190% 	[class: cat]
 [       9       1      31      38     796      42      35      43       5       0]   79.600% 	[class: deer]
 [       4       1      18     104      27     799      19      22       1       2]   80.140% 	[class: dog]
 [       9       0      25      37      18      15     890       3       2       1]   89.000% 	[class: frog]
 [      18       0      19      25      38      93       5     792       1       6]   79.438% 	[class: horse]
 [      60      12       2       7       3       3      13       1     878      18]   88.064% 	[class: ship]
 [      21      20       2       7       3       1       4       5      17     920]]  92.000% 	[class: truck]
 + average row correct: 81.02568924427% 
 + average rowUcol correct (VOC measure): 68.804564774036% 
 + global correct: 81.029647435897%	
Epoch 55:	
Training error: 0.15897087067862	Training Loss: 0.45030769535368	
Test error: 0.18800080128205	Test Loss: 0.55321922752027	
ConfusionMatrix:
[[     854       6      22      11      20       1       6       5      41      32]   85.571% 	[class: airplane]
 [      19     895       0       2       1       1       4       1      12      64]   89.590% 	[class: automobile]
 [      75       5     627      63      82      53      61      13       5      15]   62.763% 	[class: bird]
 [      20       3      23     693      58     101      52      19       9      19]   69.509% 	[class: cat]
 [       9       1      17      46     864      12      24      20       7       0]   86.400% 	[class: deer]
 [       6       1      21     172      46     705      12      28       0       6]   70.712% 	[class: dog]
 [       9       2      22      50      20       9     882       2       1       3]   88.200% 	[class: frog]
 [      13       2      16      48      74      40      10     777       1      16]   77.934% 	[class: horse]
 [      50      15       2       5       6       1       9       2     890      17]   89.268% 	[class: ship]
 [      18      29       4       7       2       0       3       2      15     920]]  92.000% 	[class: truck]
 + average row correct: 81.194576025009% 
 + average rowUcol correct (VOC measure): 68.987811207771% 
 + global correct: 81.199919871795%	
Epoch 60:	
Training error: 0.15655009603073	Training Loss: 0.44209235106331	
Test error: 0.17948717948718	Test Loss: 0.53357689083817	
ConfusionMatrix:
[[     837       8      32      10       9       3       3      16      47      33]   83.868% 	[class: airplane]
 [      12     916       2       3       1       0       4       1       6      54]   91.692% 	[class: automobile]
 [      55       5     702      35      68      30      56      32       8       8]   70.270% 	[class: bird]
 [      15       3      55     681      42      92      46      44       9      10]   68.305% 	[class: cat]
 [       9       3      41      25     802      12      28      73       7       0]   80.200% 	[class: deer]
 [       5       1      45     154      25     685      16      60       1       5]   68.706% 	[class: dog]
 [       7       0      27      33      29      12     882       5       2       3]   88.200% 	[class: frog]
 [      13       1      17      21      23      20       4     888       1       9]   89.067% 	[class: horse]
 [      48      21       2       4       2       1       6       5     879      29]   88.164% 	[class: ship]
 [      15      37       4       8       1       0       2       4       9     920]]  92.000% 	[class: truck]
 + average row correct: 82.047243118286% 
 + average rowUcol correct (VOC measure): 70.004965662956% 
 + global correct: 82.051282051282%	
Epoch 65:	
Training error: 0.1555497759283	Training Loss: 0.43745186748806	
Test error: 0.1825921474359	Test Loss: 0.5510149788804	
ConfusionMatrix:
[[     851       9      20      10      15       5      10      16      35      27]   85.271% 	[class: airplane]
 [      12     907       0       4       2       2       3       4      11      54]   90.791% 	[class: automobile]
 [      77       4     591      33      94      66      86      36       7       5]   59.159% 	[class: bird]
 [      20       4      25     620      67     144      55      51       6       5]   62.187% 	[class: cat]
 [       6       1      10      14     874      16      28      45       6       0]   87.400% 	[class: deer]
 [       4       0      12     104      50     752      14      59       1       1]   75.426% 	[class: dog]
 [       6       0       9      33      20      15     907       7       2       1]   90.700% 	[class: frog]
 [       9       0       5      17      49      27      10     875       1       4]   87.763% 	[class: horse]
 [      53      18       2       7       9       0       7       6     870      25]   87.262% 	[class: ship]
 [      17      28       3       6       3       1       5      13      10     914]]  91.400% 	[class: truck]
 + average row correct: 81.735840439796% 
 + average rowUcol correct (VOC measure): 69.473774433136% 
 + global correct: 81.74078525641%	
Epoch 70:	
Training error: 0.15220870678617	Training Loss: 0.42552377382012	
Test error: 0.17698317307692	Test Loss: 0.5307713200768	
ConfusionMatrix:
[[     834      10      31      13      15       3       7      14      49      22]   83.567% 	[class: airplane]
 [      11     929       2       3       2       0       3       1      12      36]   92.993% 	[class: automobile]
 [      61       2     659      33      89      47      59      37       8       4]   65.966% 	[class: bird]
 [      14       5      33     630      55     136      56      50      10       8]   63.190% 	[class: cat]
 [       5       0      20      21     844      16      18      69       7       0]   84.400% 	[class: deer]
 [       5       3      22      95      36     765      16      54       0       1]   76.730% 	[class: dog]
 [       5       0      17      37      32      16     877      11       3       2]   87.700% 	[class: frog]
 [      11       0      14      19      32      26       2     889       1       3]   89.167% 	[class: horse]
 [      46      13       1       5       2       1       6       5     901      17]   90.371% 	[class: ship]
 [      17      49       6       7       1       0       3      11      17     889]]  88.900% 	[class: truck]
 + average row correct: 82.298446297646% 
 + average rowUcol correct (VOC measure): 70.326143503189% 
 + global correct: 82.301682692308%	
Epoch 75:	
Training error: 0.14782730473752	Training Loss: 0.41985660852869	
Test error: 0.17758413461538	Test Loss: 0.53263397516611	
ConfusionMatrix:
[[     850       9      37      10      22       6      10       4      32      18]   85.170% 	[class: airplane]
 [      14     921       2       4       1       0       5       2      13      37]   92.192% 	[class: automobile]
 [      49       2     675      54      72      47      79      15       2       4]   67.568% 	[class: bird]
 [      15       2      29     704      45     110      61      16       8       7]   70.612% 	[class: cat]
 [       9       1      31      28     844      20      33      27       7       0]   84.400% 	[class: deer]
 [       3       0      30     142      27     751      23      20       0       1]   75.326% 	[class: dog]
 [       8       0      19      41      16       9     905       1       1       0]   90.500% 	[class: frog]
 [      14       0      23      54      41      49      11     794       3       8]   79.639% 	[class: horse]
 [      58      15       2       6       2       1      10       1     889      13]   89.167% 	[class: ship]
 [      31      50       5       8       2       1       6       1      18     878]]  87.800% 	[class: truck]
 + average row correct: 82.237432599068% 
 + average rowUcol correct (VOC measure): 70.463891625404% 
 + global correct: 82.241586538462%	
Epoch 80:	
Training error: 0.14618677976953	Training Loss: 0.41429755591791	
Test error: 0.18359375	Test Loss: 0.54610555784968	
ConfusionMatrix:
[[     834       4      30       7      28       3      10      15      57      10]   83.567% 	[class: airplane]
 [      23     882       0       3       1       1       6       2      27      54]   88.288% 	[class: automobile]
 [      56       2     629      40     102      52      75      25      15       3]   62.963% 	[class: bird]
 [      11       2      31     646      67     114      57      47      16       6]   64.794% 	[class: cat]
 [       6       0      18      13     883      14      25      34       7       0]   88.300% 	[class: deer]
 [       9       0      19     113      55     728      24      48       1       0]   73.019% 	[class: dog]
 [       5       0      22      41      20       5     896       6       4       1]   89.600% 	[class: frog]
 [      13       0      13      21      57      30       7     850       3       3]   85.256% 	[class: horse]
 [      44       4       1       6       6       0       8       3     914      11]   91.675% 	[class: ship]
 [      26      24       5      11       5       0       5      11      24     889]]  88.900% 	[class: truck]
 + average row correct: 81.636262536049% 
 + average rowUcol correct (VOC measure): 69.411848783493% 
 + global correct: 81.640625%	
Epoch 85:	
Training error: 0.14188540332907	Training Loss: 0.40127900057733	
Test error: 0.18559695512821	Test Loss: 0.55894022844493	
ConfusionMatrix:
[[     822       6      21      15       4       4       5       9      87      25]   82.365% 	[class: airplane]
 [      16     884       0       2       1       2       7       2      34      51]   88.488% 	[class: automobile]
 [      74       2     649      62      44      58      68      27      13       2]   64.965% 	[class: bird]
 [      12       2      23     733      24     122      43      15      17       6]   73.521% 	[class: cat]
 [       8       1      28      66     768      26      35      58      10       0]   76.800% 	[class: deer]
 [       5       0      17     160      19     743      14      36       2       1]   74.524% 	[class: dog]
 [       8       0      19      63       6      14     878       4       5       3]   87.800% 	[class: frog]
 [      13       0      11      44      30      54       5     830       3       7]   83.250% 	[class: horse]
 [      30       5       1       7       1       3       5       1     936       8]   93.882% 	[class: ship]
 [      16      32       4      14       1       2       4       4      35     888]]  88.800% 	[class: truck]
 + average row correct: 81.439370512962% 
 + average rowUcol correct (VOC measure): 69.339368343353% 
 + global correct: 81.440304487179%	
Epoch 90:	
Training error: 0.14164532650448	Training Loss: 0.3989379737841	
Test error: 0.18860176282051	Test Loss: 0.57511680669342	
ConfusionMatrix:
[[     827       6      27       6      12      10       7      27      34      42]   82.866% 	[class: airplane]
 [      12     856       0       3       2       2       4       6       9     105]   85.686% 	[class: automobile]
 [      71       3     622      35      67      88      64      40       4       5]   62.262% 	[class: bird]
 [      18       3      19     571      43     233      48      43       8      11]   57.272% 	[class: cat]
 [       5       1      16      24     810      38      31      67       7       1]   81.000% 	[class: deer]
 [       3       0      15      60      22     841       5      48       1       2]   84.353% 	[class: dog]
 [       4       0      18      33      13      26     887      10       2       7]   88.700% 	[class: frog]
 [       5       0       4      12      21      47       4     898       1       5]   90.070% 	[class: horse]
 [      51      16       4       6       4       5       5      12     857      37]   85.958% 	[class: ship]
 [      14      15       4       4       5       3       4      11       8     932]]  93.200% 	[class: truck]
 + average row correct: 81.136664152145% 
 + average rowUcol correct (VOC measure): 68.651178777218% 
 + global correct: 81.139823717949%	
Epoch 95:	
Training error: 0.14090508962868	Training Loss: 0.39545904890492	
Test error: 0.18499599358974	Test Loss: 0.55823828044156	
ConfusionMatrix:
[[     883       9      12      12       5       5       6      12      30      24]   88.477% 	[class: airplane]
 [      10     912       0       2       1       2       5       1       7      59]   91.291% 	[class: automobile]
 [      94       2     569      78      69      69      85      21       5       7]   56.957% 	[class: bird]
 [      12       2      12     692      48     129      60      20      10      12]   69.408% 	[class: cat]
 [      17       2      19      33     830      21      33      38       7       0]   83.000% 	[class: deer]
 [       6       0      13     125      27     765      21      35       1       4]   76.730% 	[class: dog]
 [       4       0      14      45      17       9     903       3       1       4]   90.300% 	[class: frog]
 [      18       0       6      39      37      40       6     840       1      10]   84.253% 	[class: horse]
 [      77      20       2       6       3       4       7       4     837      37]   83.952% 	[class: ship]
 [      26      40       3       4       2       0       6       5       8     906]]  90.600% 	[class: truck]
 + average row correct: 81.496823430061% 
 + average rowUcol correct (VOC measure): 69.194596409798% 
 + global correct: 81.500400641026%	
Epoch 100:	
Training error: 0.13782410371319	Training Loss: 0.38940331162336	
Test error: 0.18469551282051	Test Loss: 0.56023592752022	
ConfusionMatrix:
[[     866       9      20      17       4       7       4      15      36      20]   86.774% 	[class: airplane]
 [      16     923       0       5       2       1       3       3      11      35]   92.392% 	[class: automobile]
 [      74       1     612      74      65      84      55      28       4       2]   61.261% 	[class: bird]
 [      18       3      21     655      41     186      36      25       7       5]   65.697% 	[class: cat]
 [      13       1      19      37     796      47      22      61       4       0]   79.600% 	[class: deer]
 [       5       1      13     104      21     814       6      33       0       0]   81.645% 	[class: dog]
 [       7       0      14      54      25      21     869       6       1       3]   86.900% 	[class: frog]
 [      15       0       7      32      20      57       3     858       1       4]   86.058% 	[class: horse]
 [      63      22       0       9       2       5       7       5     863      21]   86.560% 	[class: ship]
 [      24      53       3      10       1       2       4      10       9     884]]  88.400% 	[class: truck]
 + average row correct: 81.528707742691% 
 + average rowUcol correct (VOC measure): 69.551314115524% 
 + global correct: 81.530448717949%	
Epoch 105:	
Training error: 0.13704385403329	Training Loss: 0.38633775880003	
Test error: 0.17327724358974	Test Loss: 0.52766063005234	
ConfusionMatrix:
[[     859       5      38       9      10       4       5      11      44      13]   86.072% 	[class: airplane]
 [      17     910       0       2       1       2      10       1      24      32]   91.091% 	[class: automobile]
 [      59       1     721      38      63      29      61      17       7       3]   72.172% 	[class: bird]
 [      15       3      47     702      41      99      56      18      12       4]   70.411% 	[class: cat]
 [       4       2      48      24     847      13      37      21       4       0]   84.700% 	[class: deer]
 [       7       1      39     148      25     725      21      29       1       1]   72.718% 	[class: dog]
 [       6       0      35      40      11       8     895       0       4       1]   89.500% 	[class: frog]
 [      16       0      23      44      45      35       8     820       2       4]   82.247% 	[class: horse]
 [      45       7       1       5       3       2      11       2     914       7]   91.675% 	[class: ship]
 [      25      58       7      10       2       0       6       4      27     861]]  86.100% 	[class: truck]
 + average row correct: 82.668656110764% 
 + average rowUcol correct (VOC measure): 71.024030447006% 
 + global correct: 82.672275641026%	
Epoch 110:	
Training error: 0.13456306017926	Training Loss: 0.37654718609822	
Test error: 0.17568108974359	Test Loss: 0.52845451299053	
ConfusionMatrix:
[[     871       7      22      13      15       3       5      11      33      18]   87.275% 	[class: airplane]
 [      23     887       0       5       1       1       9       2      16      55]   88.789% 	[class: automobile]
 [      74       0     652      54      88      41      56      27       4       3]   65.265% 	[class: bird]
 [      18       1      28     723      58      83      40      34       7       5]   72.518% 	[class: cat]
 [      12       1      22      24     861      13      25      38       4       0]   86.100% 	[class: deer]
 [       6       0      28     156      44     703      17      42       0       1]   70.512% 	[class: dog]
 [       7       0      24      49      23       5     886       3       2       1]   88.600% 	[class: frog]
 [      17       0       7      32      47      25       3     860       0       6]   86.259% 	[class: horse]
 [      60       8       1       9       2       2       8       5     882      20]   88.465% 	[class: ship]
 [      28      30       6       7       4       2       3       3      12     905]]  90.500% 	[class: truck]
 + average row correct: 82.428185939789% 
 + average rowUcol correct (VOC measure): 70.672202110291% 
 + global correct: 82.431891025641%	
Epoch 115:	
Training error: 0.1317421574904	Training Loss: 0.37453019727861	
Test error: 0.17908653846154	Test Loss: 0.55201073721624	
ConfusionMatrix:
[[     864       8      19      13      14       3       4      11      37      25]   86.573% 	[class: airplane]
 [      16     910       0       1       2       1       4       3      14      48]   91.091% 	[class: automobile]
 [      81       3     647      44      91      44      42      35       2      10]   64.765% 	[class: bird]
 [      16       4      16     661      69     128      35      48       9      11]   66.299% 	[class: cat]
 [      12       0      20      23     847      18      19      55       6       0]   84.700% 	[class: deer]
 [       7       0      19     117      42     746       5      57       1       3]   74.824% 	[class: dog]
 [      10       1      29      54      32       8     850      10       3       3]   85.000% 	[class: frog]
 [      15       0       7      20      39      23       5     880       1       7]   88.265% 	[class: horse]
 [      53      18       4       6       2       3       5       6     878      22]   88.064% 	[class: ship]
 [      23      37       4       6       2       1       1       4       9     913]]  91.300% 	[class: truck]
 + average row correct: 82.088136076927% 
 + average rowUcol correct (VOC measure): 70.102241635323% 
 + global correct: 82.091346153846%	
Epoch 120:	
Training error: 0.133222631242	Training Loss: 0.37518199410101	
Test error: 0.17858573717949	Test Loss: 0.53712992623854	
ConfusionMatrix:
[[     862       4      18      11      12       1       4      11      44      31]   86.373% 	[class: airplane]
 [      16     877       0       2       1       1       2       2      15      83]   87.788% 	[class: automobile]
 [      71       1     644      72      72      46      56      22       8       7]   64.464% 	[class: bird]
 [      19       2      22     698      36     130      45      24      12       9]   70.010% 	[class: cat]
 [       8       1      17      42     838      20      28      38       8       0]   83.800% 	[class: deer]
 [       8       0      23     141      29     755       7      27       3       4]   75.727% 	[class: dog]
 [      11       0      19      60      13      12     871       3       6       5]   87.100% 	[class: frog]
 [      14       0      11      41      39      40       6     837       1       8]   83.952% 	[class: horse]
 [      53       7       0       7       2       1       7       5     892      23]   89.468% 	[class: ship]
 [      19      23       3       7       2       1       1       3      14     927]]  92.700% 	[class: truck]
 + average row correct: 82.138246893883% 
 + average rowUcol correct (VOC measure): 70.285056233406% 
 + global correct: 82.141426282051%	
Epoch 125:	
Training error: 0.12990156850192	Training Loss: 0.36735800490923	
Test error: 0.17628205128205	Test Loss: 0.5484457866838	
ConfusionMatrix:
[[     849       7      23       8      16       3       4      13      43      32]   85.070% 	[class: airplane]
 [       9     895       0       2       1       1       3       1      12      75]   89.590% 	[class: automobile]
 [      73       2     654      48      91      42      41      28       7      13]   65.465% 	[class: bird]
 [      19       4      31     680      53      98      40      49       8      15]   68.205% 	[class: cat]
 [       9       1      23      25     867      10      17      40       7       1]   86.700% 	[class: deer]
 [       9       1      24     143      37     719       6      51       1       6]   72.116% 	[class: dog]
 [       9       1      23      55      31       9     852      11       4       5]   85.200% 	[class: frog]
 [      16       0      11      24      38      16       3     877       2      10]   87.964% 	[class: horse]
 [      49       8       2       7       2       2       4       3     894      26]   89.669% 	[class: ship]
 [      14      23       3       5       3       0       0       5      10     937]]  93.700% 	[class: truck]
 + average row correct: 82.367905378342% 
 + average rowUcol correct (VOC measure): 70.494711995125% 
 + global correct: 82.371794871795%	
Epoch 130:	
Training error: 0.12856113956466	Training Loss: 0.36122047950373	
Test error: 0.1875	Test Loss: 0.57911594268173	
ConfusionMatrix:
[[     867       5      11       3      12       2       7      20      45      26]   86.874% 	[class: airplane]
 [      16     863       1       1       1       1       6       4      17      89]   86.386% 	[class: automobile]
 [      77       1     561      40     124      52      77      51       8       8]   56.156% 	[class: bird]
 [      25       3      20     617      79     110      62      59      12      10]   61.886% 	[class: cat]
 [       7       2      12      18     870       9      25      51       6       0]   87.000% 	[class: deer]
 [       8       1      13     115      50     708      21      73       1       7]   71.013% 	[class: dog]
 [       6       0      11      35      22       7     909       6       3       1]   90.900% 	[class: frog]
 [      10       0       2      19      47      14       7     889       3       6]   89.167% 	[class: horse]
 [      44       7       0       4       3       1       8       3     909      18]   91.174% 	[class: ship]
 [      16      23       4       7       1       0       1       9      20     919]]  91.900% 	[class: truck]
 + average row correct: 81.245600581169% 
 + average rowUcol correct (VOC measure): 68.647383153439% 
 + global correct: 81.25%	
Epoch 135:	
Training error: 0.12864116517286	Training Loss: 0.36062043848019	
Test error: 0.18098958333333	Test Loss: 0.55415386827185	
ConfusionMatrix:
[[     834       7      34       8      15       6       2      12      44      36]   83.567% 	[class: airplane]
 [      10     886       0       2       1       1       4       1      14      80]   88.689% 	[class: automobile]
 [      69       1     638      33      80      77      54      33       4      10]   63.864% 	[class: bird]
 [      15       5      24     582      54     193      57      45       9      13]   58.375% 	[class: cat]
 [       5       1      20      21     854      24      22      47       6       0]   85.400% 	[class: deer]
 [       3       2      16      74      32     811      11      44       1       3]   81.344% 	[class: dog]
 [       7       0      25      37      19      19     878       7       4       4]   87.800% 	[class: frog]
 [      13       0      10      16      32      51       4     860       2       9]   86.259% 	[class: horse]
 [      44      12       2       3       4       4       2       3     898      25]   90.070% 	[class: ship]
 [      14      22       5       4       4       1       0       2      12     936]]  93.600% 	[class: truck]
 + average row correct: 81.89678311348% 
 + average rowUcol correct (VOC measure): 69.769795238972% 
 + global correct: 81.901041666667%	
Epoch 140:	
Training error: 0.12834106914213	Training Loss: 0.3576445705794	
Test error: 0.17738381410256	Test Loss: 0.55533495131665	
ConfusionMatrix:
[[     878       3      17      14       7       3       2       9      38      27]   87.976% 	[class: airplane]
 [      14     893       0       2       1       1       4       1      12      71]   89.389% 	[class: automobile]
 [      83       2     616      62      68      43      80      30       4      11]   61.662% 	[class: bird]
 [      19       3      23     702      40      92      65      38      10       5]   70.411% 	[class: cat]
 [       8       1      20      40     827      15      30      50       8       1]   82.700% 	[class: deer]
 [       8       0      16     153      30     717      14      51       0       8]   71.916% 	[class: dog]
 [       6       0      19      38      14       7     909       3       1       3]   90.900% 	[class: frog]
 [      17       0      10      30      30      28       5     867       1       9]   86.961% 	[class: horse]
 [      66       7       2       4       0       0       7       4     883      24]   88.566% 	[class: ship]
 [      27      20       5       6       1       2       3       4      11     921]]  92.100% 	[class: truck]
 + average row correct: 82.25805580616% 
 + average rowUcol correct (VOC measure): 70.337517261505% 
 + global correct: 82.261618589744%	
Epoch 145:	
Training error: 0.1257002240717	Training Loss: 0.35703807500777	
Test error: 0.17698317307692	Test Loss: 0.53828982296639	
ConfusionMatrix:
[[     849       9      36       7      11       5       3       8      43      27]   85.070% 	[class: airplane]
 [      12     916       0       2       2       1       2       1      13      50]   91.692% 	[class: automobile]
 [      76       2     674      40      73      52      54      19       2       7]   67.467% 	[class: bird]
 [      29       4      41     633      51     128      53      41       9       8]   63.490% 	[class: cat]
 [      12       1      30      21     845      22      21      41       7       0]   84.500% 	[class: deer]
 [      10       0      28     101      30     770      10      42       2       4]   77.232% 	[class: dog]
 [       8       0      29      43      26      11     870       6       2       5]   87.000% 	[class: frog]
 [      14       0      20      20      46      35       4     851       2       5]   85.356% 	[class: horse]
 [      45      12       3       6       0       2       6       3     904      16]   90.672% 	[class: ship]
 [      21      44       5       3       2       1       2       3      14     905]]  90.500% 	[class: truck]
 + average row correct: 82.297955155373% 
 + average rowUcol correct (VOC measure): 70.410975813866% 
 + global correct: 82.301682692308%	
Epoch 150:	
Training error: 0.12401968629962	Training Loss: 0.34993391258764	
Test error: 0.17788461538462	Test Loss: 0.55133654894486	
ConfusionMatrix:
[[     882      10      27       5       8       6       4      13      30      13]   88.377% 	[class: airplane]
 [      14     914       0       3       1       1       4       1      12      49]   91.491% 	[class: automobile]
 [      64       4     666      27      75      59      60      35       4       5]   66.667% 	[class: bird]
 [      27       5      31     576      56     186      52      50       7       7]   57.773% 	[class: cat]
 [      12       1      24      11     856      23      19      49       5       0]   85.600% 	[class: deer]
 [      11       0      18      80      28     802      13      41       1       3]   80.441% 	[class: dog]
 [       9       0      19      38      23      19     879       7       3       3]   87.900% 	[class: frog]
 [      13       0      10      15      32      42       4     877       0       4]   87.964% 	[class: horse]
 [      69      14       2       6       4       1       7       4     871      19]   87.362% 	[class: ship]
 [      24      49       5       4       2       3       1      12      15     885]]  88.500% 	[class: truck]
 + average row correct: 82.207553982735% 
 + average rowUcol correct (VOC measure): 70.18142580986% 
 + global correct: 82.211538461538%	
Epoch 155:	
Training error: 0.12485995518566	Training Loss: 0.34968064096011	
Test error: 0.17878605769231	Test Loss: 0.54647875869742	
ConfusionMatrix:
[[     843      10      30      12       5       7       6      12      35      38]   84.469% 	[class: airplane]
 [       7     933       3       4       1       1       4       2       7      37]   93.393% 	[class: automobile]
 [      59       1     652      54      65      54      68      30       4      12]   65.265% 	[class: bird]
 [      16       4      26     699      33     130      46      29       7       7]   70.110% 	[class: cat]
 [       9       1      28      43     809      22      33      51       4       0]   80.900% 	[class: deer]
 [       5       1      26     132      19     763      14      34       0       3]   76.530% 	[class: dog]
 [       7       0      25      57      13      19     871       4       1       3]   87.100% 	[class: frog]
 [      15       1      13      38      25      49       2     846       1       7]   84.855% 	[class: horse]
 [      54      20       0       8       2       4      10       1     880      18]   88.265% 	[class: ship]
 [      16      51       4       4       2       4       2       2      12     903]]  90.300% 	[class: truck]
 + average row correct: 82.118687033653% 
 + average rowUcol correct (VOC measure): 70.284673571587% 
 + global correct: 82.121394230769%	
Epoch 160:	
Training error: 0.12155889884763	Training Loss: 0.3428813927448	
Test error: 0.18048878205128	Test Loss: 0.56243541955542	
ConfusionMatrix:
[[     840       6      20      11      18       7      11      12      51      22]   84.168% 	[class: airplane]
 [      16     880       1       4       2       1       7       1      23      64]   88.088% 	[class: automobile]
 [      66       0     609      45     101      57      84      27       5       5]   60.961% 	[class: bird]
 [      15       1      21     641      64     141      68      32      11       3]   64.293% 	[class: cat]
 [       7       0      13      19     879      18      24      33       7       0]   87.900% 	[class: deer]
 [       3       0      20     106      50     760      24      32       0       2]   76.229% 	[class: dog]
 [       5       0      13      35      20      11     908       4       3       1]   90.800% 	[class: frog]
 [      14       0       9      19      58      35       9     848       1       4]   85.055% 	[class: horse]
 [      46       4       1       4       4       2      12       3     907      14]   90.973% 	[class: ship]
 [      17      27       4       8       5       4       5       3      17     910]]  91.000% 	[class: truck]
 + average row correct: 81.946703791618% 
 + average rowUcol correct (VOC measure): 69.856986999512% 
 + global correct: 81.951121794872%	
Epoch 165:	
Training error: 0.12159891165173	Training Loss: 0.34130099862391	
Test error: 0.17928685897436	Test Loss: 0.54563469928092	
ConfusionMatrix:
[[     836       9      29      11      19       6       9      17      45      17]   83.768% 	[class: airplane]
 [      14     904       0       4       1       1       6       2      13      54]   90.490% 	[class: automobile]
 [      64       1     631      62      74      50      73      35       5       4]   63.163% 	[class: bird]
 [      13       3      23     710      51     106      51      29       8       3]   71.214% 	[class: cat]
 [       8       1      17      40     831      15      28      53       7       0]   83.100% 	[class: deer]
 [       7       1      16     158      29     724      15      43       0       4]   72.618% 	[class: dog]
 [       6       0      19      58      20       8     878       7       2       2]   87.800% 	[class: frog]
 [       9       0       9      28      30      28       5     886       1       1]   88.867% 	[class: horse]
 [      52      10       3       8       0       0       5       8     900      11]   90.271% 	[class: ship]
 [      17      37       4      10       3       1       2      12      20     894]]  89.400% 	[class: truck]
 + average row correct: 82.069008350372% 
 + average rowUcol correct (VOC measure): 70.174371600151% 
 + global correct: 82.071314102564%	
Epoch 170:	
Training error: 0.12169894366197	Training Loss: 0.34342064777575	
Test error: 0.18108974358974	Test Loss: 0.55756861472335	
ConfusionMatrix:
[[     873       9      15      10      12       8       8       8      37      18]   87.475% 	[class: airplane]
 [      13     908       0       4       2       2       2       2      13      53]   90.891% 	[class: automobile]
 [      79       1     636      47      75      71      60      22       5       3]   63.664% 	[class: bird]
 [      24       3      24     638      48     186      50      13       7       4]   63.992% 	[class: cat]
 [      10       2      25      32     821      42      22      41       5       0]   82.100% 	[class: deer]
 [       8       0      19      84      26     821      12      26       0       1]   82.347% 	[class: dog]
 [       8       1      18      54      16      21     874       4       2       2]   87.400% 	[class: frog]
 [      15       0      13      32      42      59       6     824       1       5]   82.648% 	[class: horse]
 [      61      11       2       6       2       3       7       4     888      13]   89.067% 	[class: ship]
 [      25      44       5       7       2       4       4       4      12     893]]  89.300% 	[class: truck]
 + average row correct: 81.888366341591% 
 + average rowUcol correct (VOC measure): 69.976477622986% 
 + global correct: 81.891025641026%	
Epoch 175:	
Training error: 0.1205185659411	Training Loss: 0.33819963387601	
Test error: 0.18028846153846	Test Loss: 0.56554978977566	
ConfusionMatrix:
[[     890       6      22       4       7       4       2      13      25      25]   89.178% 	[class: airplane]
 [      14     900       0       3       2       1       5       1      11      62]   90.090% 	[class: automobile]
 [      75       5     625      50      91      49      58      31       4      11]   62.563% 	[class: bird]
 [      25       4      28     658      52     134      40      38       7      11]   65.998% 	[class: cat]
 [      16       3      24      30     841      18      18      46       4       0]   84.100% 	[class: deer]
 [       8       1      17     132      29     758       8      41       0       3]   76.028% 	[class: dog]
 [       6       2      25      47      25      12     874       5       1       3]   87.400% 	[class: frog]
 [      16       0       9      26      36      32       3     869       1       5]   87.161% 	[class: horse]
 [      81      18       1       4       2       0       6       8     845      32]   84.754% 	[class: ship]
 [      23      28       5       5       1       3       2       2       7     924]]  92.400% 	[class: truck]
 + average row correct: 81.967284679413% 
 + average rowUcol correct (VOC measure): 69.934748411179% 
 + global correct: 81.971153846154%	
Epoch 180:	
Training error: 0.11797775288092	Training Loss: 0.33243190381848	
Test error: 0.18048878205128	Test Loss: 0.56937160522928	
ConfusionMatrix:
[[     856       4      21      13      11       6       2       9      51      25]   85.772% 	[class: airplane]
 [      17     862       0       2       2       1       8       1      23      83]   86.286% 	[class: automobile]
 [      68       2     618      61      80      45      77      29      11       8]   61.862% 	[class: bird]
 [      20       5      28     695      44     107      46      35       9       8]   69.709% 	[class: cat]
 [      12       1      15      29     833      19      25      57       9       0]   83.300% 	[class: deer]
 [       5       1      15     146      29     732      13      46       3       7]   73.420% 	[class: dog]
 [       6       1      17      44      15       9     898       5       2       3]   89.800% 	[class: frog]
 [      14       0      13      27      35      27       3     868       1       9]   87.061% 	[class: horse]
 [      53       9       2       4       1       1       7       4     899      17]   90.171% 	[class: ship]
 [      21      20       5       4       2       2       0       6      19     921]]  92.100% 	[class: truck]
 + average row correct: 81.94807767868% 
 + average rowUcol correct (VOC measure): 69.801470041275% 
 + global correct: 81.951121794872%	
Epoch 185:	
Training error: 0.11995838668374	Training Loss: 0.33293148637219	
Test error: 0.18289262820513	Test Loss: 0.58019620219532	
ConfusionMatrix:
[[     860       8      20       5      13       3       7      10      43      29]   86.172% 	[class: airplane]
 [      14     870       0       1       1       1       7       2      10      93]   87.087% 	[class: automobile]
 [      67       1     661      27      78      39      83      29       4      10]   66.166% 	[class: bird]
 [      28       4      39     585      60     123      96      40       6      16]   58.676% 	[class: cat]
 [      11       2      22      19     849      20      33      39       5       0]   84.900% 	[class: deer]
 [       7       1      24      92      38     757      28      38       1      11]   75.928% 	[class: dog]
 [       5       0      19      23      15       9     919       4       2       4]   91.900% 	[class: frog]
 [      15       0      13      18      56      26       9     848       1      11]   85.055% 	[class: horse]
 [      57      16       3       2       0       1       9       4     882      23]   88.465% 	[class: ship]
 [      21      22       5       3       2       1       3       3      13     927]]  92.700% 	[class: truck]
 + average row correct: 81.704997420311% 
 + average rowUcol correct (VOC measure): 69.303870797157% 
 + global correct: 81.710737179487%	
Epoch 190:	
Training error: 0.11883802816901	Training Loss: 0.33045572670959	
Test error: 0.17988782051282	Test Loss: 0.57320767590322	
ConfusionMatrix:
[[     892       4      15       9      10       8       3       7      37      13]   89.379% 	[class: airplane]
 [      24     871       0       4       2       1       2       1      19      75]   87.187% 	[class: automobile]
 [      79       2     616      49      85      80      50      22      10       6]   61.662% 	[class: bird]
 [      18       4      23     667      47     164      36      20       8      10]   66.901% 	[class: cat]
 [      11       0      18      28     836      40      18      43       6       0]   83.600% 	[class: deer]
 [       8       0      12     114      23     809       5      24       0       2]   81.143% 	[class: dog]
 [      11       1      21      51      20      24     857       6       4       5]   85.700% 	[class: frog]
 [      24       0      11      35      33      55       1     834       1       3]   83.651% 	[class: horse]
 [      61      11       4       4       1       3       2       0     898      13]   90.070% 	[class: ship]
 [      29      28       5       6       3       2       0       3      16     908]]  90.800% 	[class: truck]
 + average row correct: 82.009290456772% 
 + average rowUcol correct (VOC measure): 70.120049715042% 
 + global correct: 82.011217948718%	
Epoch 195:	
Training error: 0.11765765044814	Training Loss: 0.32533776596196	
Test error: 0.1796875	Test Loss: 0.5634859834726	
ConfusionMatrix:
[[     889      10      21       5      11       3       8       8      30      13]   89.078% 	[class: airplane]
 [      13     899       0       3       2       1       5       1      14      61]   89.990% 	[class: automobile]
 [      78       2     671      33      69      45      69      24       5       3]   67.167% 	[class: bird]
 [      23       6      40     616      64     116      85      31       8       8]   61.785% 	[class: cat]
 [      10       1      26      20     860      12      26      39       6       0]   86.000% 	[class: deer]
 [       5       1      30     127      38     727      23      38       2       6]   72.919% 	[class: dog]
 [      11       0      21      27      15       9     907       3       3       4]   90.700% 	[class: frog]
 [      21       0      16      21      47      28       7     852       1       4]   85.456% 	[class: horse]
 [      75      13       2       4       2       2      10       4     866      19]   86.861% 	[class: ship]
 [      25      38       5       6       3       1       2       2      15     903]]  90.300% 	[class: truck]
 + average row correct: 82.025638222694% 
 + average rowUcol correct (VOC measure): 69.926458895206% 
 + global correct: 82.03125%	
Epoch 200:	
Training error: 0.11543693982074	Training Loss: 0.32425018678635	
Test error: 0.1786858974359	Test Loss: 0.57047025253996	
ConfusionMatrix:
[[     883       8      13       6       7       5       2      10      34      30]   88.477% 	[class: airplane]
 [      14     898       0       3       1       1       2       1      10      69]   89.890% 	[class: automobile]
 [      98       1     619      44      85      56      57      25       7       7]   61.962% 	[class: bird]
 [      31       2      25     663      53     131      46      25      10      11]   66.500% 	[class: cat]
 [      16       1      22      27     853      19      21      36       5       0]   85.300% 	[class: deer]
 [       9       1      16     135      33     748      15      32       2       6]   75.025% 	[class: dog]
 [      10       2      18      44      22      11     883       3       1       6]   88.300% 	[class: frog]
 [      20       0      13      31      44      35       1     841       2      10]   84.353% 	[class: horse]
 [      62      11       1       2       1       3       2       5     890      20]   89.268% 	[class: ship]
 [      22      33       4       4       3       1       1       2       8     922]]  92.200% 	[class: truck]
 + average row correct: 82.127424478531% 
 + average rowUcol correct (VOC measure): 70.184026360512% 
 + global correct: 82.13141025641%	
Epoch 205:	
Training error: 0.11467669654289	Training Loss: 0.32550694807623	
Test error: 0.17798477564103	Test Loss: 0.56906422284933	
ConfusionMatrix:
[[     862       9      23      18      18       3       9       9      29      18]   86.373% 	[class: airplane]
 [      18     912       0       3       2       1       5       1       9      48]   91.291% 	[class: automobile]
 [      61       1     638      60      72      53      82      25       3       4]   63.864% 	[class: bird]
 [      14       3      24     696      57     111      56      31       3       2]   69.809% 	[class: cat]
 [       9       1      17      27     847      26      26      42       4       1]   84.700% 	[class: deer]
 [       3       0      11     150      34     748      12      35       0       4]   75.025% 	[class: dog]
 [       4       1      18      47      18       9     895       4       2       2]   89.500% 	[class: frog]
 [      13       0      11      30      48      32       6     854       1       2]   85.657% 	[class: horse]
 [      69      18       3      12       3       3       9       4     862      14]   86.459% 	[class: ship]
 [      24      38       4      10       5       2       5       9      10     893]]  89.300% 	[class: truck]
 + average row correct: 82.197875380516% 
 + average rowUcol correct (VOC measure): 70.38349032402% 
 + global correct: 82.201522435897%	
Epoch 210:	
Training error: 0.11627720870679	Training Loss: 0.32598710623892	
Test error: 0.18108974358974	Test Loss: 0.57032726840295	
ConfusionMatrix:
[[     847       9      22       8      11       6       9       9      50      27]   84.870% 	[class: airplane]
 [      10     907       1       4       1       2       4       1      19      50]   90.791% 	[class: automobile]
 [      68       1     615      46      68      68      92      25       8       8]   61.562% 	[class: bird]
 [      18       4      24     625      43     158      72      36      11       6]   62.688% 	[class: cat]
 [      12       1      17      25     826      28      41      45       5       0]   82.600% 	[class: deer]
 [       4       0      20      86      30     795      24      33       2       3]   79.739% 	[class: dog]
 [       6       0      14      38      16      11     905       5       3       2]   90.500% 	[class: frog]
 [      16       0      12      24      38      43       9     846       2       7]   84.855% 	[class: horse]
 [      44      11       1       5       1       4       8       3     905      15]   90.772% 	[class: ship]
 [      21      38       4       5       2       1       3       5      16     905]]  90.500% 	[class: truck]
 + average row correct: 81.88762485981% 
 + average rowUcol correct (VOC measure): 69.732444882393% 
 + global correct: 81.891025641026%	
Epoch 215:	
Training error: 0.1153369078105	Training Loss: 0.32202496616439	
Test error: 0.17948717948718	Test Loss: 0.56383934649878	
ConfusionMatrix:
[[     874       6      31      10       7       4       3      14      29      20]   87.575% 	[class: airplane]
 [      19     904       1       3       2       1       3       1      19      46]   90.490% 	[class: automobile]
 [      70       1     657      53      65      49      60      36       5       3]   65.766% 	[class: bird]
 [      18       3      29     678      44     125      44      40      11       5]   68.004% 	[class: cat]
 [      16       2      25      27     821      23      21      61       4       0]   82.100% 	[class: deer]
 [       6       0      21     139      24     741      11      50       1       4]   74.323% 	[class: dog]
 [       8       0      19      47      12      15     884       6       3       6]   88.400% 	[class: frog]
 [      14       0      11      29      26      41       2     871       1       2]   87.362% 	[class: horse]
 [      72      17       3       5       1       2       5       5     872      15]   87.462% 	[class: ship]
 [      30      38       4       5       4       1       3      11      14     890]]  89.000% 	[class: truck]
 + average row correct: 82.04828619957% 
 + average rowUcol correct (VOC measure): 70.124157071114% 
 + global correct: 82.051282051282%	
Epoch 220:	
Training error: 0.11393645966709	Training Loss: 0.32050154957963	
Test error: 0.18169070512821	Test Loss: 0.57012632594874	
ConfusionMatrix:
[[     853       8      17      12       7       5       4      12      47      33]   85.471% 	[class: airplane]
 [      13     878       0       2       2       1       3       1      18      81]   87.888% 	[class: automobile]
 [      72       3     622      45      78      65      66      31      10       7]   62.262% 	[class: bird]
 [      16       4      25     646      55     131      61      37      12      10]   64.794% 	[class: cat]
 [      15       3      18      20     848      27      22      40       7       0]   84.800% 	[class: deer]
 [       4       0      17     132      31     748      18      37       2       8]   75.025% 	[class: dog]
 [       6       1      14      38      17      16     894       3       5       6]   89.400% 	[class: frog]
 [      15       0       8      26      42      39       5     850       1      11]   85.256% 	[class: horse]
 [      42      13       3       3       2       3       4       2     905      20]   90.772% 	[class: ship]
 [      14      30       5       5       2       1       2       2      13     926]]  92.600% 	[class: truck]
 + average row correct: 81.826863884926% 
 + average rowUcol correct (VOC measure): 69.637801647186% 
 + global correct: 81.830929487179%	
Epoch 225:	
Training error: 0.11325624199744	Training Loss: 0.31550182583986	
Test error: 0.17898637820513	Test Loss: 0.58260796625669	
ConfusionMatrix:
[[     883      10      11       7       8       4       4      12      37      22]   88.477% 	[class: airplane]
 [      14     917       0       2       1       1       3       1      13      47]   91.792% 	[class: automobile]
 [      90       3     596      40      87      80      54      29      10      10]   59.660% 	[class: bird]
 [      24       7      25     641      52     154      45      28      13       8]   64.293% 	[class: cat]
 [      16       1      17      26     829      35      19      49       8       0]   82.900% 	[class: deer]
 [       8       0      13     104      28     798      10      30       1       5]   80.040% 	[class: dog]
 [       9       0      17      38      21      18     884       3       3       7]   88.400% 	[class: frog]
 [      16       0      15      21      32      49       3     852       1       8]   85.456% 	[class: horse]
 [      54      17       1       4       2       3       5       5     890      16]   89.268% 	[class: ship]
 [      20      39       3       5       7       2       0       4      13     907]]  90.700% 	[class: truck]
 + average row correct: 82.098557949066% 
 + average rowUcol correct (VOC measure): 70.08472442627% 
 + global correct: 82.101362179487%	
Epoch 230:	
Training error: 0.11437660051216	Training Loss: 0.31604215552733	
Test error: 0.1825921474359	Test Loss: 0.58589909206897	
ConfusionMatrix:
[[     874       8      16       6       8       6       3      14      41      22]   87.575% 	[class: airplane]
 [      21     876       0       3       2       1       5       2      13      76]   87.688% 	[class: automobile]
 [      79       0     638      40      88      63      47      31       6       7]   63.864% 	[class: bird]
 [      21       3      29     589      62     187      49      37      11       9]   59.077% 	[class: cat]
 [      10       1      22      17     851      30      15      47       7       0]   85.100% 	[class: deer]
 [       6       0      18      89      36     793      11      37       2       5]   79.539% 	[class: dog]
 [       8       1      20      55      24      17     866       3       2       4]   86.600% 	[class: frog]
 [      11       0      11      20      34      37       5     870       1       8]   87.262% 	[class: horse]
 [      59      12       3       3       3       3       4       3     884      23]   88.666% 	[class: ship]
 [      19      24       6       4       5       1       0       7      14     920]]  92.000% 	[class: truck]
 + average row correct: 81.737033128738% 
 + average rowUcol correct (VOC measure): 69.595810472965% 
 + global correct: 81.74078525641%	
Epoch 235:	
Training error: 0.11127560819462	Training Loss: 0.31308674194854	
Test error: 0.1786858974359	Test Loss: 0.56931616695156	
ConfusionMatrix:
[[     862      11      19      10       9       6       8      14      42      17]   86.373% 	[class: airplane]
 [      16     900       0       5       2       1       3       2      12      58]   90.090% 	[class: automobile]
 [      76       0     630      49      63      77      62      32       8       2]   63.063% 	[class: bird]
 [      20       2      21     654      41     176      41      29       8       5]   65.597% 	[class: cat]
 [      13       1      21      25     827      34      23      49       7       0]   82.700% 	[class: deer]
 [       5       0      13     115      26     792       9      32       1       4]   79.438% 	[class: dog]
 [       7       1      18      50      19      22     871       5       3       4]   87.100% 	[class: frog]
 [      13       0      15      29      26      47       3     859       1       4]   86.158% 	[class: horse]
 [      47      17       1      10       1       3       5       2     895      16]   89.769% 	[class: ship]
 [      17      33       5       6       4       2       2       9      12     910]]  91.000% 	[class: truck]
 + average row correct: 82.12887942791% 
 + average rowUcol correct (VOC measure): 70.300458073616% 
 + global correct: 82.13141025641%	
Epoch 240:	
Training error: 0.11395646606914	Training Loss: 0.31560443312934	
Test error: 0.18760016025641	Test Loss: 0.60061737523677	
ConfusionMatrix:
[[     845      12      14      10      10       3       6      15      49      34]   84.669% 	[class: airplane]
 [      16     891       0       1       1       1       2       1      11      75]   89.189% 	[class: automobile]
 [      81       1     594      59     108      53      52      35       7       9]   59.459% 	[class: bird]
 [      21       5      23     655      67     120      39      42      12      13]   65.697% 	[class: cat]
 [       7       2      14      27     865      14      17      46       7       1]   86.500% 	[class: deer]
 [       8       1      14     145      43     721       8      51       1       5]   72.317% 	[class: dog]
 [      10       1      19      61      29       8     852      10       5       5]   85.200% 	[class: frog]
 [      16       0       7      30      38      23       3     873       1       6]   87.563% 	[class: horse]
 [      48      17       2       6       4       2       3       6     884      25]   88.666% 	[class: ship]
 [      13      27       3       5       4       0       0       5      12     931]]  93.100% 	[class: truck]
 + average row correct: 81.236071586609% 
 + average rowUcol correct (VOC measure): 68.876640200615% 
 + global correct: 81.239983974359%	
Epoch 245:	
Training error: 0.11297615236876	Training Loss: 0.31257882741758	
Test error: 0.18219150641026	Test Loss: 0.58625778450798	
ConfusionMatrix:
[[     852      11      20       9       4       8       8      14      50      22]   85.371% 	[class: airplane]
 [      17     892       1       2       1       1       4       1      18      62]   89.289% 	[class: automobile]
 [      71       2     616      53      67      57      83      33       7      10]   61.662% 	[class: bird]
 [      24       3      23     645      46     142      60      38      10       6]   64.694% 	[class: cat]
 [      18       1      25      22     815      25      35      52       6       1]   81.500% 	[class: deer]
 [       8       1      16     121      24     765      15      43       0       4]   76.730% 	[class: dog]
 [       9       1      11      34      10      12     911       6       3       3]   91.100% 	[class: frog]
 [      16       0      13      21      36      33       6     866       1       5]   86.861% 	[class: horse]
 [      52      11       2       3       2       3       7       2     897      18]   89.970% 	[class: ship]
 [      24      33       6       3       6       2       2       5      13     906]]  90.600% 	[class: truck]
 + average row correct: 81.777645945549% 
 + average rowUcol correct (VOC measure): 69.563021063805% 
 + global correct: 81.780849358974%	
Epoch 250:	
Training error: 0.11157570422535	Training Loss: 0.30914842610715	
Test error: 0.18509615384615	Test Loss: 0.59271827075654	
ConfusionMatrix:
[[     903       6      13      11       3       4       6       6      30      16]   90.481% 	[class: airplane]
 [      24     855       0       2       1       1       4       1      20      91]   85.586% 	[class: automobile]
 [      91       0     604      61      56      57      87      29       5       9]   60.460% 	[class: bird]
 [      34       3      21     655      36     127      74      26      11      10]   65.697% 	[class: cat]
 [      22       0      25      39     799      27      42      41       5       0]   79.900% 	[class: deer]
 [       9       0      15     130      23     759      22      33       0       6]   76.128% 	[class: dog]
 [      12       0      14      29       8      10     918       2       3       4]   91.800% 	[class: frog]
 [      22       0       9      33      36      38      10     840       1       8]   84.253% 	[class: horse]
 [      57       9       1       3       1       2       8       4     893      19]   89.569% 	[class: ship]
 [      35      24       3       5       2       2       3       3      13     910]]  91.000% 	[class: truck]
 + average row correct: 81.487395167351% 
 + average rowUcol correct (VOC measure): 69.200940132141% 
 + global correct: 81.490384615385%	
Epoch 255:	
Training error: 0.10959507042254	Training Loss: 0.30923130464735	
Test error: 0.18599759615385	Test Loss: 0.58314903771194	
ConfusionMatrix:
[[     830      15      25      11      18       4      11      17      40      27]   83.166% 	[class: airplane]
 [      10     906       0       4       1       1       3       1      14      59]   90.691% 	[class: automobile]
 [      66       3     634      58      67      42      83      30       7       9]   63.463% 	[class: bird]
 [      18       7      30     653      51     111      69      38       9      11]   65.496% 	[class: cat]
 [       7       2      22      28     829      19      35      48       6       4]   82.900% 	[class: deer]
 [       4       0      16     144      33     723      22      47       2       6]   72.518% 	[class: dog]
 [       5       1      14      35      15       6     913       6       2       3]   91.300% 	[class: frog]
 [      13       0      13      25      40      25       5     866       1       9]   86.861% 	[class: horse]
 [      48      19       3       3       4       2       9       7     869      33]   87.161% 	[class: ship]
 [      14      46       5       5       6       1       2       7      10     904]]  90.400% 	[class: truck]
 + average row correct: 81.39565885067% 
 + average rowUcol correct (VOC measure): 68.991783857346% 
 + global correct: 81.400240384615%	
Epoch 260:	
Training error: 0.10911491677337	Training Loss: 0.30736700998304	
Test error: 0.18008814102564	Test Loss: 0.57937755279589	
ConfusionMatrix:
[[     876      10      15       7       9       6       5       9      50      11]   87.776% 	[class: airplane]
 [      21     918       0       3       2       1       4       1      15      34]   91.892% 	[class: automobile]
 [      86       2     605      57      78      49      76      32      10       4]   60.561% 	[class: bird]
 [      32       5      20     659      47     125      60      27      14       8]   66.098% 	[class: cat]
 [      18       2      17      28     835      22      31      40       7       0]   83.500% 	[class: deer]
 [       7       0      17     119      31     769      16      32       1       5]   77.131% 	[class: dog]
 [       9       1      15      41      17       9     897       5       2       4]   89.700% 	[class: frog]
 [      19       2      12      27      47      35       5     841       1       8]   84.353% 	[class: horse]
 [      46      15       2       4       2       1       3       2     910      12]   91.274% 	[class: ship]
 [      28      54       6       5       3       2       1       5      20     876]]  87.600% 	[class: truck]
 + average row correct: 81.98845744133% 
 + average rowUcol correct (VOC measure): 69.871301651001% 
 + global correct: 81.991185897436%	
Epoch 265:	
Training error: 0.11077544814341	Training Loss: 0.30973307425979	
Test error: 0.18209134615385	Test Loss: 0.58911830462062	
ConfusionMatrix:
[[     880      10      19       8       5       6       6      11      30      23]   88.176% 	[class: airplane]
 [      13     890       0       3       1       1       9       1      12      69]   89.089% 	[class: automobile]
 [      79       3     615      41      71      63      75      40       4       8]   61.562% 	[class: bird]
 [      25       2      25     644      42     137      69      33      10      10]   64.594% 	[class: cat]
 [      12       2      20      24     823      36      25      52       6       0]   82.300% 	[class: deer]
 [       4       0      20     118      25     767      16      40       1       6]   76.931% 	[class: dog]
 [       7       0      16      39      20      17     889       4       3       5]   88.900% 	[class: frog]
 [      18       0      11      17      29      35       8     873       1       5]   87.563% 	[class: horse]
 [      78      15       0       4       1       4       4       5     866      20]   86.861% 	[class: ship]
 [      22      28       4       4       4       2       2       4      11     919]]  91.900% 	[class: truck]
 + average row correct: 81.787484288216% 
 + average rowUcol correct (VOC measure): 69.594104290009% 
 + global correct: 81.790865384615%	
Epoch 270:	
Training error: 0.11001520486556	Training Loss: 0.30319742288318	
Test error: 0.18239182692308	Test Loss: 0.58674296564781	
ConfusionMatrix:
[[     865       7      16      10       8       6       3      10      48      25]   86.673% 	[class: airplane]
 [      18     886       0       4       2       1       5       1      18      64]   88.689% 	[class: automobile]
 [      81       2     584      47      97      60      70      40      12       6]   58.458% 	[class: bird]
 [      21       2      23     655      63     127      46      40      14       6]   65.697% 	[class: cat]
 [      10       2      17      19     853      22      24      45       8       0]   85.300% 	[class: deer]
 [       5       0      11     122      35     757      11      48       4       4]   75.928% 	[class: dog]
 [      11       0      14      46      26       8     883       4       5       3]   88.300% 	[class: frog]
 [      14       0       8      20      43      35       6     862       1       8]   86.459% 	[class: horse]
 [      43      12       1       2       3       3       4       4     907      18]   90.973% 	[class: ship]
 [      16      30       4       4       7       1       2       8      17     911]]  91.100% 	[class: truck]
 + average row correct: 81.75776720047% 
 + average rowUcol correct (VOC measure): 69.506272673607% 
 + global correct: 81.760817307692%	
Epoch 275:	
Training error: 0.10823463508323	Training Loss: 0.3025931020064	
Test error: 0.18409455128205	Test Loss: 0.57204836004605	
ConfusionMatrix:
[[     862       9      37       9       8       4       6       9      34      20]   86.373% 	[class: airplane]
 [      23     906       0       3       1       1       7       1      12      45]   90.691% 	[class: automobile]
 [      61       1     685      49      42      44      81      23       7       6]   68.569% 	[class: bird]
 [      26       2      45     654      32     116      77      29       9       7]   65.597% 	[class: cat]
 [      11       1      34      38     771      26      46      65       7       1]   77.100% 	[class: deer]
 [       6       0      27     143      21     732      18      43       0       7]   73.420% 	[class: dog]
 [       8       0      18      33       8       8     917       3       2       3]   91.700% 	[class: frog]
 [      19       2      18      29      27      30       7     860       1       4]   86.259% 	[class: horse]
 [      71      16       3       4       2       2       7       2     869      21]   87.161% 	[class: ship]
 [      27      48       6       7       1       0       3       5      13     890]]  89.000% 	[class: truck]
 + average row correct: 81.586931943893% 
 + average rowUcol correct (VOC measure): 69.419929385185% 
 + global correct: 81.590544871795%	
Epoch 280:	
Training error: 0.10851472471191	Training Loss: 0.30187323107116	
Test error: 0.18159054487179	Test Loss: 0.57533389675574	
ConfusionMatrix:
[[     873       7      25      11       5       5       5      12      41      14]   87.475% 	[class: airplane]
 [      23     880       0       3       2       1       5       1      24      60]   88.088% 	[class: automobile]
 [      74       2     633      69      53      52      63      41       7       5]   63.363% 	[class: bird]
 [      19       2      26     706      26     119      45      40      11       3]   70.812% 	[class: cat]
 [      11       1      29      48     776      27      30      72       6       0]   77.600% 	[class: deer]
 [       6       0      20     154      19     736      11      47       1       3]   73.821% 	[class: dog]
 [       7       2      20      48      12      11     891       3       4       2]   89.100% 	[class: frog]
 [      10       0      11      31      20      29       4     887       1       4]   88.967% 	[class: horse]
 [      65       7       4       5       0       3       3       5     893      12]   89.569% 	[class: ship]
 [      31      31       6      10       1       2       1       7      15     896]]  89.600% 	[class: truck]
 + average row correct: 81.839591264725% 
 + average rowUcol correct (VOC measure): 69.865916371346% 
 + global correct: 81.840945512821%	
Epoch 285:	
Training error: 0.10647407170294	Training Loss: 0.3011003009523	
Test error: 0.17708333333333	Test Loss: 0.57591204925213	
ConfusionMatrix:
[[     877       9      19      10       9       7       4       9      39      15]   87.876% 	[class: airplane]
 [      14     906       0       3       1       1       5       1      17      51]   90.691% 	[class: automobile]
 [      75       1     622      52      66      75      63      26      11       8]   62.262% 	[class: bird]
 [      20       4      25     654      43     163      40      32      11       5]   65.597% 	[class: cat]
 [      13       1      21      31     832      28      22      44       7       1]   83.200% 	[class: deer]
 [       7       0      10     116      23     793       7      33       3       5]   79.539% 	[class: dog]
 [       7       1      17      52      17      20     877       4       3       2]   87.700% 	[class: frog]
 [      13       1      12      28      44      36       4     851       1       7]   85.356% 	[class: horse]
 [      51      13       1       4       2       3       6       0     902      15]   90.471% 	[class: ship]
 [      28      39       5       5       2       0       1       4      14     902]]  90.200% 	[class: truck]
 + average row correct: 82.289159297943% 
 + average rowUcol correct (VOC measure): 70.46319425106% 
 + global correct: 82.291666666667%	
Epoch 290:	
Training error: 0.10839468629962	Training Loss: 0.29770134692051	
Test error: 0.18118990384615	Test Loss: 0.58615973759562	
ConfusionMatrix:
[[     881       9      24       3      14       5       5      11      33      13]   88.277% 	[class: airplane]
 [      19     904       0       3       4       1       2       1      11      54]   90.490% 	[class: automobile]
 [      73       2     656      36      92      51      43      35       5       6]   65.666% 	[class: bird]
 [      23       6      32     594      64     153      60      46      10       9]   59.579% 	[class: cat]
 [       9       2      19      13     859      17      23      52       6       0]   85.900% 	[class: deer]
 [      11       2      18     105      40     754      16      48       0       3]   75.627% 	[class: dog]
 [      14       0      24      41      22       9     875       7       4       4]   87.500% 	[class: frog]
 [      16       0      11      15      49      27       2     869       1       7]   87.161% 	[class: horse]
 [      61      19       2       2       5       2       3       6     884      13]   88.666% 	[class: ship]
 [      30      36       4       3       6       0       2       7      13     899]]  89.900% 	[class: truck]
 + average row correct: 81.876581311226% 
 + average rowUcol correct (VOC measure): 69.746944904327% 
 + global correct: 81.881009615385%	
Epoch 295:	
Training error: 0.10491357234315	Training Loss: 0.29504196326697	
Test error: 0.18369391025641	Test Loss: 0.6045829311061	
ConfusionMatrix:
[[     876      14      24      10       9       6       5      12      24      18]   87.776% 	[class: airplane]
 [      16     927       0       3       1       1       3       1       8      39]   92.793% 	[class: automobile]
 [      80       3     614      62      75      62      59      35       2       7]   61.461% 	[class: bird]
 [      22       6      18     679      35     140      42      40      10       5]   68.104% 	[class: cat]
 [       8       2      17      42     812      26      21      66       6       0]   81.200% 	[class: deer]
 [       3       1      12     120      21     781       7      47       1       4]   78.335% 	[class: dog]
 [      10       1      20      56      20      21     858       7       2       5]   85.800% 	[class: frog]
 [      14       1       8      28      25      34       3     882       1       1]   88.465% 	[class: horse]
 [      86      32       2       6       3       2       5       6     833      22]   83.551% 	[class: ship]
 [      20      54       4       6       4       2       1      13       8     888]]  88.800% 	[class: truck]
 + average row correct: 81.62851691246% 
 + average rowUcol correct (VOC measure): 69.444715976715% 
 + global correct: 81.630608974359%	
Epoch 300:	
Training error: 0.10621398847631	Training Loss: 0.29536003462562	
Test error: 0.17878605769231	Test Loss: 0.57994105306287	
ConfusionMatrix:
[[     897      11      20       7      10       3       2       5      30      13]   89.880% 	[class: airplane]
 [      17     921       1       1       2       1       6       1      12      37]   92.192% 	[class: automobile]
 [      85       2     653      46      76      50      55      26       3       3]   65.365% 	[class: bird]
 [      29       4      33     642      49     141      47      35      11       6]   64.393% 	[class: cat]
 [      15       1      24      22     826      24      29      52       7       0]   82.600% 	[class: deer]
 [       9       1      20     103      33     766      15      43       1       6]   76.830% 	[class: dog]
 [       6       3      21      40      16      12     892       4       3       3]   89.200% 	[class: frog]
 [      21       0      17      21      34      33       4     862       1       4]   86.459% 	[class: horse]
 [      76      24       4       3       3       2       2       1     868      14]   87.061% 	[class: ship]
 [      29      63       4       2       6       2       2       9      11     872]]  87.200% 	[class: truck]
 + average row correct: 82.118155360222% 
 + average rowUcol correct (VOC measure): 70.072664022446% 
 + global correct: 82.121394230769%	
